c:\users\herman\documents\github\game3015-project\vs2017\vs2017\debug\vc141.pdb
c:\users\herman\documents\github\game3015-project\vs2017\vs2017\debug\vc141.idb
c:\users\herman\documents\github\game3015-project\vs2017\vs2017\debug\splashscreen.obj
c:\users\herman\documents\github\game3015-project\vs2017\vs2017\debug\combustionengine.obj
c:\users\herman\documents\github\game3015-project\vs2017\vs2017\debug\main.obj
c:\users\herman\documents\github\game3015-project\vs2017\debug\vs2017.pdb
c:\users\herman\documents\github\game3015-project\vs2017\vs2017\debug\vs2017.tlog\cl.command.1.tlog
c:\users\herman\documents\github\game3015-project\vs2017\vs2017\debug\vs2017.tlog\cl.read.1.tlog
c:\users\herman\documents\github\game3015-project\vs2017\vs2017\debug\vs2017.tlog\cl.write.1.tlog
c:\users\herman\documents\github\game3015-project\vs2017\vs2017\debug\vs2017.tlog\link-cvtres.read.1.tlog
c:\users\herman\documents\github\game3015-project\vs2017\vs2017\debug\vs2017.tlog\link-cvtres.write.1.tlog
c:\users\herman\documents\github\game3015-project\vs2017\vs2017\debug\vs2017.tlog\link-rc.read.1.tlog
c:\users\herman\documents\github\game3015-project\vs2017\vs2017\debug\vs2017.tlog\link-rc.write.1.tlog
c:\users\herman\documents\github\game3015-project\vs2017\vs2017\debug\vs2017.tlog\link.9032-cvtres.read.1.tlog
c:\users\herman\documents\github\game3015-project\vs2017\vs2017\debug\vs2017.tlog\link.9032-cvtres.write.1.tlog
c:\users\herman\documents\github\game3015-project\vs2017\vs2017\debug\vs2017.tlog\link.9032-rc.read.1.tlog
c:\users\herman\documents\github\game3015-project\vs2017\vs2017\debug\vs2017.tlog\link.9032-rc.write.1.tlog
c:\users\herman\documents\github\game3015-project\vs2017\vs2017\debug\vs2017.tlog\link.9032.read.1.tlog
c:\users\herman\documents\github\game3015-project\vs2017\vs2017\debug\vs2017.tlog\link.9032.write.1.tlog
c:\users\herman\documents\github\game3015-project\vs2017\vs2017\debug\vs2017.tlog\link.command.1.tlog
c:\users\herman\documents\github\game3015-project\vs2017\vs2017\debug\vs2017.tlog\link.read.1.tlog
c:\users\herman\documents\github\game3015-project\vs2017\vs2017\debug\vs2017.tlog\link.write.1.tlog
